<?xml version="1.0" encoding="UTF-8"?>
<testng-results skipped="0" failed="0" total="1" passed="1">
  <reporter-output>
  </reporter-output>
  <suite name="Default suite" duration-ms="23635" started-at="2017-04-10T18:23:21Z" finished-at="2017-04-10T18:23:45Z">
    <groups>
    </groups>
    <test name="Default test" duration-ms="23635" started-at="2017-04-10T18:23:21Z" finished-at="2017-04-10T18:23:45Z">
      <class name="topicsAppium.Fbtest">
        <test-method status="PASS" signature="fblogin()[pri:0, instance:topicsAppium.Fbtest@27efef64]" name="fblogin" duration-ms="23600" started-at="2017-04-10T14:23:21Z" finished-at="2017-04-10T14:23:45Z">
          <reporter-output>
          </reporter-output>
        </test-method> <!-- fblogin -->
      </class> <!-- topicsAppium.Fbtest -->
    </test> <!-- Default test -->
  </suite> <!-- Default suite -->
</testng-results>
